time="2022-09-26T11:32:50+03:00" level=info msg="Create Router" func="main.main()" file="app.go:14"
time="2022-09-26T11:32:50+03:00" level=info msg="Register new handler" func="main.main()" file="app.go:17"
time="2022-09-26T11:32:50+03:00" level=info msg="Start application" func="main.run()" file="app.go:27"
time="2022-09-26T11:32:50+03:00" level=info msg="Server is listening port 1234" func="main.run()" file="app.go:38"
time="2022-09-26T12:59:12+03:00" level=info msg="Create Router" func="main.main()" file="app.go:19"
time="2022-09-26T12:59:12+03:00" level=info msg="Read application configuration" func="github.com/PavelDonchenko/40projects/rest-api-tutorial/internal/config.GetConfig.func1()" file="config.go:24"
time="2022-09-26T12:59:12+03:00" level=info msg="Register new handler" func="main.main()" file="app.go:24"
time="2022-09-26T12:59:12+03:00" level=info msg="Start application" func="main.run()" file="app.go:34"
time="2022-09-26T12:59:12+03:00" level=info msg="listen unix tcp" func="main.run()" file="app.go:51"
time="2022-09-26T12:59:12+03:00" level=info msg="Server is listening port 1234" func="main.run()" file="app.go:63"
time="2022-09-26T13:01:03+03:00" level=info msg="Create Router" func="main.main()" file="app.go:19"
time="2022-09-26T13:01:03+03:00" level=info msg="Read application configuration" func="github.com/PavelDonchenko/40projects/rest-api-tutorial/internal/config.GetConfig.func1()" file="config.go:24"
time="2022-09-26T13:01:03+03:00" level=info msg="Register new handler" func="main.main()" file="app.go:24"
time="2022-09-26T13:01:03+03:00" level=info msg="Start application" func="main.run()" file="app.go:34"
time="2022-09-26T13:01:03+03:00" level=info msg="listen unix tcp" func="main.run()" file="app.go:51"
time="2022-09-26T13:01:03+03:00" level=info msg="0.0.0.0:1000" func="main.run()" file="app.go:63"
time="2022-09-26T13:13:09+03:00" level=info msg="Create Router" func="main.main()" file="app.go:19"
time="2022-09-26T13:13:09+03:00" level=info msg="Read application configuration" func="github.com/PavelDonchenko/40projects/rest-api-tutorial/internal/config.GetConfig.func1()" file="config.go:24"
time="2022-09-26T13:13:09+03:00" level=info msg="Register new handler" func="main.main()" file="app.go:24"
time="2022-09-26T13:13:09+03:00" level=info msg="Start application" func="main.run()" file="app.go:34"
time="2022-09-26T13:13:09+03:00" level=info msg="listen  tcp" func="main.run()" file="app.go:53"
time="2022-09-26T13:13:09+03:00" level=info msg="server is listening 0.0.0.0:1000" func="main.run()" file="app.go:55"
time="2022-09-26T13:13:47+03:00" level=info msg="Create Router" func="main.main()" file="app.go:19"
time="2022-09-26T13:13:47+03:00" level=info msg="Read application configuration" func="github.com/PavelDonchenko/40projects/rest-api-tutorial/internal/config.GetConfig.func1()" file="config.go:24"
time="2022-09-26T13:13:47+03:00" level=info msg="Register new handler" func="main.main()" file="app.go:24"
time="2022-09-26T13:13:47+03:00" level=info msg="Start application" func="main.run()" file="app.go:34"
time="2022-09-26T13:13:47+03:00" level=info msg="listen  tcp" func="main.run()" file="app.go:53"
time="2022-09-26T13:13:47+03:00" level=info msg="server is listening 0.0.0.0:1000" func="main.run()" file="app.go:55"
time="2022-09-26T13:14:18+03:00" level=info msg="Create Router" func="main.main()" file="app.go:19"
time="2022-09-26T13:14:18+03:00" level=info msg="Read application configuration" func="github.com/PavelDonchenko/40projects/rest-api-tutorial/internal/config.GetConfig.func1()" file="config.go:24"
time="2022-09-26T13:14:18+03:00" level=info msg="Register new handler" func="main.main()" file="app.go:24"
time="2022-09-26T13:14:18+03:00" level=info msg="Start application" func="main.run()" file="app.go:34"
time="2022-09-26T13:14:18+03:00" level=info msg="detected app path" func="main.run()" file="app.go:40"
time="2022-09-26T13:14:18+03:00" level=info msg="Create socket" func="main.run()" file="app.go:45"
time="2022-09-26T13:14:18+03:00" level=debug msg="socket path:C:\\PROJECTLEARN\\GO\\src\\github.com\\PavelDonchenko\\40projects\\rest-api-tutorial\\build/app.sock" func="main.run()" file="app.go:47"
time="2022-09-26T13:14:18+03:00" level=info msg="listen unix socket" func="main.run()" file="app.go:49"
time="2022-09-26T13:14:18+03:00" level=info msg="server is listening unix socket C:\\PROJECTLEARN\\GO\\src\\github.com\\PavelDonchenko\\40projects\\rest-api-tutorial\\build/app.sock" func="main.run()" file="app.go:51"
time="2022-09-27T11:14:28+03:00" level=info msg="Create Router" func="main.main()" file="app.go:19"
time="2022-09-27T11:14:28+03:00" level=info msg="Read application configuration" func="github.com/PavelDonchenko/40projects/rest-api-tutorial/internal/config.GetConfig.func1()" file="config.go:33"
time="2022-09-27T11:14:28+03:00" level=info msg="Register new handler" func="main.main()" file="app.go:32"
time="2022-09-27T11:14:28+03:00" level=info msg="Start application" func="main.run()" file="app.go:42"
time="2022-09-27T11:14:28+03:00" level=info msg="detected app path" func="main.run()" file="app.go:48"
time="2022-09-27T11:14:28+03:00" level=info msg="Create socket" func="main.run()" file="app.go:53"
time="2022-09-27T11:14:28+03:00" level=debug msg="socket path:C:\\PROJECTLEARN\\GO\\src\\github.com\\PavelDonchenko\\40projects\\rest-api-tutorial\\build/app.sock" func="main.run()" file="app.go:55"
time="2022-09-27T11:14:28+03:00" level=info msg="listen unix socket" func="main.run()" file="app.go:57"
time="2022-09-27T11:14:28+03:00" level=info msg="server is listening unix socket C:\\PROJECTLEARN\\GO\\src\\github.com\\PavelDonchenko\\40projects\\rest-api-tutorial\\build/app.sock" func="main.run()" file="app.go:59"
time="2022-09-27T11:18:52+03:00" level=info msg="Create Router" func="main.main()" file="app.go:19"
time="2022-09-27T11:18:52+03:00" level=info msg="Read application configuration" func="github.com/PavelDonchenko/40projects/rest-api-tutorial/internal/config.GetConfig.func1()" file="config.go:33"
time="2022-09-27T11:18:52+03:00" level=info msg="Register new handler" func="main.main()" file="app.go:32"
time="2022-09-27T11:18:52+03:00" level=info msg="Start application" func="main.run()" file="app.go:42"
time="2022-09-27T11:18:52+03:00" level=info msg="detected app path" func="main.run()" file="app.go:48"
time="2022-09-27T11:18:52+03:00" level=info msg="Create socket" func="main.run()" file="app.go:53"
time="2022-09-27T11:18:52+03:00" level=debug msg="socket path:C:\\PROJECTLEARN\\GO\\src\\github.com\\PavelDonchenko\\40projects\\rest-api-tutorial\\build/app.sock" func="main.run()" file="app.go:55"
time="2022-09-27T11:18:52+03:00" level=info msg="listen unix socket" func="main.run()" file="app.go:57"
time="2022-09-27T11:18:52+03:00" level=info msg="server is listening unix socket C:\\PROJECTLEARN\\GO\\src\\github.com\\PavelDonchenko\\40projects\\rest-api-tutorial\\build/app.sock" func="main.run()" file="app.go:59"
time="2022-09-27T12:50:58+03:00" level=info msg="Create Router" func="main.main()" file="app.go:19"
time="2022-09-27T12:50:58+03:00" level=info msg="Read application configuration" func="github.com/PavelDonchenko/40projects/rest-api-tutorial/internal/config.GetConfig.func1()" file="config.go:33"
time="2022-09-27T12:50:58+03:00" level=info msg="Register new handler" func="main.main()" file="app.go:32"
time="2022-09-27T12:50:58+03:00" level=info msg="Start application" func="main.run()" file="app.go:42"
time="2022-09-27T12:50:58+03:00" level=info msg="listen  tcp" func="main.run()" file="app.go:61"
time="2022-09-27T12:50:58+03:00" level=info msg="server is listening 127.0.0.1:10000" func="main.run()" file="app.go:63"
